[23:39:57] [main/INFO] (FabricLoader/GameProvider) Loading Minecraft 1.18.2 with Fabric Loader 0.14.21
[23:39:57] [main/INFO] (FabricLoader) Loading 52 mods:
	- fabric-api 0.76.0+1.18.2
	- fabric-api-base 0.4.5+64b7c69360
	- fabric-api-lookup-api-v1 1.6.3+2373a54560
	- fabric-biome-api-v1 8.0.7+e83becad60
	- fabric-block-api-v1 1.0.0+ee3621fc60
	- fabric-blockrenderlayer-v1 1.1.13+3ac43d9560
	- fabric-command-api-v1 1.1.10+d7c144a860
	- fabric-commands-v0 0.2.9+b4f4f6cd60
	- fabric-containers-v0 0.1.24+d7c144a860
	- fabric-content-registries-v0 3.1.3+c85f2e3860
	- fabric-convention-tags-v1 1.1.0+43ce63a460
	- fabric-crash-report-info-v1 0.2.1+ee261a3e60
	- fabric-data-generation-api-v1 3.1.0+6c70b68e60
	- fabric-dimensions-v1 2.1.21+489d6f8260
	- fabric-entity-events-v1 1.4.9+d7c144a860
	- fabric-events-interaction-v0 0.4.20+d7c144a860
	- fabric-events-lifecycle-v0 0.2.22+d7c144a860
	- fabric-game-rule-api-v1 1.0.13+d7c144a860
	- fabric-gametest-api-v1 1.0.21+91b7aa6660
	- fabric-item-api-v1 1.6.2+8165403660
	- fabric-item-groups-v0 0.3.16+91896a4960
	- fabric-key-binding-api-v1 1.0.12+54e5b2ec60
	- fabric-keybindings-v0 0.2.10+b4f4f6cd60
	- fabric-lifecycle-events-v1 2.1.1+cc71601c60
	- fabric-loot-api-v2 1.1.2+1997ad1260
	- fabric-loot-tables-v1 1.1.4+e747827960
	- fabric-mining-level-api-v1 2.1.6+cc71601c60
	- fabric-models-v0 0.3.7+d7c144a860
	- fabric-networking-api-v1 1.0.24+2d30af4b60
	- fabric-networking-v0 0.3.11+b4f4f6cd60
	- fabric-object-builder-api-v1 2.1.5+032c981d60
	- fabric-particles-v1 0.2.13+526dc1ac60
	- fabric-registry-sync-v0 0.9.12+bb2e047760
	- fabric-renderer-api-v1 0.5.0+bf48649860
	- fabric-renderer-indigo 0.6.1+03e2b68760
	- fabric-renderer-registries-v1 3.2.12+b4f4f6cd60
	- fabric-rendering-data-attachment-v1 0.3.9+ee3621fc60
	- fabric-rendering-fluids-v1 2.0.3+54e5b2ec60
	- fabric-rendering-v0 1.1.14+b4f4f6cd60
	- fabric-rendering-v1 1.10.8+54e5b2ec60
	- fabric-resource-conditions-api-v1 2.0.3+91b7aa6660
	- fabric-resource-loader-v0 0.5.3+047a5ecb60
	- fabric-screen-api-v1 1.0.11+d882b91560
	- fabric-screen-handler-api-v1 1.2.3+1f6558e860
	- fabric-textures-v0 1.0.13+3ac43d9560
	- fabric-transfer-api-v1 1.6.4+f4563ac860
	- fabric-transitive-access-wideners-v1 1.1.0+e747827960
	- fabricloader 0.14.21
	- geckolib3 3.0.80
	- java 17
	- maniae 1.0.0
	- minecraft 1.18.2
[23:39:58] [main/INFO] (FabricLoader/Mixin) SpongePowered MIXIN Subsystem Version=0.8.5 Source=file:/C:/Users/User/.gradle/caches/modules-2/files-2.1/net.fabricmc/sponge-mixin/0.12.5+mixin.0.8.5/8d31fb97c3e0cd7c8dad3441851c523bcfae6d8e/sponge-mixin-0.12.5+mixin.0.8.5.jar Service=Knot/Fabric Env=CLIENT
[23:39:58] [main/INFO] (FabricLoader/Mixin) Loaded Fabric development mappings for mixin remapper!
[23:39:58] [main/INFO] (FabricLoader/Mixin) Compatibility level set to JAVA_16
[23:39:58] [main/INFO] (FabricLoader/Mixin) Compatibility level set to JAVA_17
[23:40:14] [Render thread/INFO] (Minecraft) Environment: authHost='https://authserver.mojang.com', accountsHost='https://api.mojang.com', sessionHost='https://sessionserver.mojang.com', servicesHost='https://api.minecraftservices.com', name='PROD'
[23:40:15] [Render thread/ERROR] (Minecraft) Failed to verify authentication
com.mojang.authlib.exceptions.InvalidCredentialsException: Status: 401
	at com.mojang.authlib.exceptions.MinecraftClientHttpException.toAuthenticationException(MinecraftClientHttpException.java:56) ~[authlib-3.3.39.jar:?]
	at com.mojang.authlib.yggdrasil.YggdrasilUserApiService.fetchProperties(YggdrasilUserApiService.java:132) ~[authlib-3.3.39.jar:?]
	at com.mojang.authlib.yggdrasil.YggdrasilUserApiService.<init>(YggdrasilUserApiService.java:44) ~[authlib-3.3.39.jar:?]
	at com.mojang.authlib.yggdrasil.YggdrasilAuthenticationService.createUserApiService(YggdrasilAuthenticationService.java:153) ~[authlib-3.3.39.jar:?]
	at net.minecraft.client.MinecraftClient.createUserApiService(MinecraftClient.java:680) [minecraft-merged-project-root-1.18.2-net.fabricmc.yarn.1_18_2.1.18.2+build.4-v2.jar:?]
	at net.minecraft.client.MinecraftClient.<init>(MinecraftClient.java:424) [minecraft-merged-project-root-1.18.2-net.fabricmc.yarn.1_18_2.1.18.2+build.4-v2.jar:?]
	at net.minecraft.client.main.Main.main(Main.java:197) [minecraft-merged-project-root-1.18.2-net.fabricmc.yarn.1_18_2.1.18.2+build.4-v2.jar:?]
	at net.fabricmc.loader.impl.game.minecraft.MinecraftGameProvider.launch(MinecraftGameProvider.java:468) [fabric-loader-0.14.21.jar:?]
	at net.fabricmc.loader.impl.launch.knot.Knot.launch(Knot.java:74) [fabric-loader-0.14.21.jar:?]
	at net.fabricmc.loader.impl.launch.knot.KnotClient.main(KnotClient.java:23) [fabric-loader-0.14.21.jar:?]
	at net.fabricmc.devlaunchinjector.Main.main(Main.java:86) [dev-launch-injector-0.2.1+build.8.jar:?]
Caused by: com.mojang.authlib.exceptions.MinecraftClientHttpException: Status: 401
	at com.mojang.authlib.minecraft.client.MinecraftClient.readInputStream(MinecraftClient.java:78) ~[authlib-3.3.39.jar:?]
	at com.mojang.authlib.minecraft.client.MinecraftClient.get(MinecraftClient.java:48) ~[authlib-3.3.39.jar:?]
	at com.mojang.authlib.yggdrasil.YggdrasilUserApiService.fetchProperties(YggdrasilUserApiService.java:113) ~[authlib-3.3.39.jar:?]
	... 9 more
[23:40:15] [Render thread/INFO] (Minecraft) Setting user: Player41
[23:40:16] [Render thread/ERROR] (Minecraft) No data fixer registered for geoexampleentity
[23:40:16] [Render thread/ERROR] (Minecraft) No data fixer registered for bikeentity
[23:40:16] [Render thread/ERROR] (Minecraft) No data fixer registered for carentity
[23:40:16] [Render thread/ERROR] (Minecraft) No data fixer registered for extendedrendererentity
[23:40:16] [Render thread/ERROR] (Minecraft) No data fixer registered for textureperbonetestentity
[23:40:16] [Render thread/ERROR] (Minecraft) No data fixer registered for leentity
[23:40:16] [Render thread/ERROR] (Minecraft) No data fixer registered for rocketprojectile
[23:40:16] [Render thread/INFO] (maniae) [maniae] Mod Initalized
[23:40:16] [Render thread/INFO] (maniae) [maniae] Registering Mod Items!
[23:40:17] [Render thread/INFO] (Indigo) [Indigo] Registering Indigo renderer!
[23:40:17] [Render thread/INFO] (Minecraft) Backend library: LWJGL version 3.2.2 build 10
[23:40:22] [Render thread/INFO] (Minecraft) Narrator library for x64 successfully loaded
[23:40:23] [Render thread/INFO] (Minecraft) Reloading ResourceManager: Default, Fabric Mods (Fabric Key Bindings (v0), Fabric Textures (v0), Fabric Screen Handler API (v1), Fabric Networking (v0), Fabric Events Lifecycle (v0), Fabric Game Rule API (v1), Fabric Loader, Fabric Game Test API (v1), Fabric Item Groups (v0), Fabric Item API (v1), Fabric Rendering Data Attachment (v1), Fabric Renderer Registries (v1), Fabric Crash Report Info (v1), Fabric API Base, Fabric Dimensions API (v1), Fabric Loot API (v2), Fabric Networking API (v1), Fabric Commands (v0), Fabric Resource Loader (v0), Fabric Lifecycle Events (v1), Fabric Key Binding API (v1), Fabric BlockRenderLayer Registration (v1), Fabric API, Fabric Screen API (v1), Fabric Renderer API (v1), Geckolib, Fabric Object Builder API (v1), Fabric Command API (v1), Fabric Transfer API (v1), Fabric Mining Level API (v1), Fabric Loot Tables (v1), Fabric Rendering (v1), Fabric Registry Sync (v0), Fabric Particles (v1), Fabric Convention Tags, Fabric API Lookup API (v1), Fabric Biome API (v1), Fabric Models (v0), Fabric Renderer - Indigo, Fabric Transitive Access Wideners (v1), Fabric Rendering Fluids (v1), Fabric Content Registries (v0), Fabric Events Interaction (v0), Fabric Rendering (v0), Fabric Entity Events (v1), Fabric Resource Conditions API (v1), Fabric Data Generation API (v1), Fabric Containers (v0), Maniae)
[23:40:24] [Worker-Main-8/INFO] (Minecraft) [STDERR]: java.lang.IndexOutOfBoundsException: Index -1 out of bounds for length 0
[23:40:24] [Worker-Main-8/INFO] (Minecraft) [STDERR]: 	at java.base/jdk.internal.util.Preconditions.outOfBounds(Preconditions.java:64)
[23:40:24] [Worker-Main-8/INFO] (Minecraft) [STDERR]: 	at java.base/jdk.internal.util.Preconditions.outOfBoundsCheckIndex(Preconditions.java:70)
[23:40:24] [Worker-Main-8/INFO] (Minecraft) [STDERR]: 	at java.base/jdk.internal.util.Preconditions.checkIndex(Preconditions.java:266)
[23:40:24] [Worker-Main-8/INFO] (Minecraft) [STDERR]: 	at java.base/java.util.Objects.checkIndex(Objects.java:359)
[23:40:24] [Worker-Main-8/INFO] (Minecraft) [STDERR]: 	at java.base/java.util.ArrayList$SubList.get(ArrayList.java:1149)
[23:40:24] [Worker-Main-8/INFO] (Minecraft) [STDERR]: 	at software.bernie.shadowed.eliotlash.mclib.math.MathBuilder.parseSymbols(MathBuilder.java:306)
[23:40:24] [Worker-Main-8/INFO] (Minecraft) [STDERR]: 	at software.bernie.shadowed.eliotlash.mclib.math.MathBuilder.parseSymbols(MathBuilder.java:282)
[23:40:24] [Worker-Main-8/INFO] (Minecraft) [STDERR]: 	at software.bernie.shadowed.eliotlash.mclib.math.MathBuilder.createFunction(MathBuilder.java:439)
[23:40:24] [Worker-Main-8/INFO] (Minecraft) [STDERR]: 	at software.bernie.shadowed.eliotlash.mclib.math.MathBuilder.parseSymbols(MathBuilder.java:266)
[23:40:24] [Worker-Main-8/INFO] (Minecraft) [STDERR]: 	at software.bernie.shadowed.eliotlash.mclib.math.MathBuilder.parseSymbols(MathBuilder.java:308)
[23:40:24] [Worker-Main-8/INFO] (Minecraft) [STDERR]: 	at software.bernie.shadowed.eliotlash.mclib.math.MathBuilder.parseSymbols(MathBuilder.java:283)
[23:40:24] [Worker-Main-8/INFO] (Minecraft) [STDERR]: 	at software.bernie.geckolib3.core.molang.MolangParser.parseSymbolsMolang(MolangParser.java:228)
[23:40:24] [Worker-Main-8/INFO] (Minecraft) [STDERR]: 	at software.bernie.geckolib3.core.molang.MolangParser.parseOneLine(MolangParser.java:216)
[23:40:24] [Worker-Main-8/INFO] (Minecraft) [STDERR]: 	at software.bernie.geckolib3.core.molang.MolangParser.parseExpression(MolangParser.java:174)
[23:40:24] [Worker-Main-8/INFO] (Minecraft) [STDERR]: 	at software.bernie.geckolib3.core.molang.MolangParser.parseJson(MolangParser.java:154)
[23:40:24] [Worker-Main-8/INFO] (Minecraft) [STDERR]: 	at software.bernie.geckolib3.util.json.JsonKeyFrameUtils.parseExpression(JsonKeyFrameUtils.java:180)
[23:40:24] [Worker-Main-8/INFO] (Minecraft) [STDERR]: 	at software.bernie.geckolib3.util.json.JsonKeyFrameUtils.convertJson(JsonKeyFrameUtils.java:58)
[23:40:24] [Worker-Main-8/INFO] (Minecraft) [STDERR]: 	at software.bernie.geckolib3.util.json.JsonKeyFrameUtils.convertJsonToRotationKeyFrames(JsonKeyFrameUtils.java:174)
[23:40:24] [Worker-Main-8/INFO] (Minecraft) [STDERR]: 	at software.bernie.geckolib3.util.json.JsonAnimationUtils.deserializeJsonToAnimation(JsonAnimationUtils.java:282)
[23:40:24] [Worker-Main-8/INFO] (Minecraft) [STDERR]: 	at software.bernie.geckolib3.file.AnimationFileLoader.loadAllAnimations(AnimationFileLoader.java:32)
[23:40:24] [Worker-Main-8/INFO] (Minecraft) [STDERR]: 	at software.bernie.geckolib3.resource.GeckoLibCache.lambda$reload$0(GeckoLibCache.java:73)
[23:40:24] [Worker-Main-8/INFO] (Minecraft) [STDERR]: 	at software.bernie.geckolib3.resource.GeckoLibCache.lambda$loadResources$5(GeckoLibCache.java:91)
[23:40:24] [Worker-Main-8/INFO] (Minecraft) [STDERR]: 	at java.base/java.util.concurrent.CompletableFuture$AsyncSupply.run(CompletableFuture.java:1768)
[23:40:24] [Worker-Main-8/INFO] (Minecraft) [STDERR]: 	at java.base/java.util.concurrent.CompletableFuture$AsyncSupply.exec(CompletableFuture.java:1760)
[23:40:24] [Worker-Main-8/INFO] (Minecraft) [STDERR]: 	at java.base/java.util.concurrent.ForkJoinTask.doExec(ForkJoinTask.java:373)
[23:40:24] [Worker-Main-8/INFO] (Minecraft) [STDERR]: 	at java.base/java.util.concurrent.ForkJoinPool$WorkQueue.topLevelExec(ForkJoinPool.java:1182)
[23:40:24] [Worker-Main-8/INFO] (Minecraft) [STDERR]: 	at java.base/java.util.concurrent.ForkJoinPool.scan(ForkJoinPool.java:1655)
[23:40:24] [Worker-Main-8/INFO] (Minecraft) [STDERR]: 	at java.base/java.util.concurrent.ForkJoinPool.runWorker(ForkJoinPool.java:1622)
[23:40:24] [Worker-Main-8/INFO] (Minecraft) [STDERR]: 	at java.base/java.util.concurrent.ForkJoinWorkerThread.run(ForkJoinWorkerThread.java:165)
[23:40:24] [Worker-Main-8/INFO] (Minecraft) [STDERR]: java.lang.IndexOutOfBoundsException: Index -1 out of bounds for length 0
[23:40:24] [Worker-Main-8/INFO] (Minecraft) [STDERR]: 	at java.base/jdk.internal.util.Preconditions.outOfBounds(Preconditions.java:64)
[23:40:24] [Worker-Main-8/INFO] (Minecraft) [STDERR]: 	at java.base/jdk.internal.util.Preconditions.outOfBoundsCheckIndex(Preconditions.java:70)
[23:40:24] [Worker-Main-8/INFO] (Minecraft) [STDERR]: 	at java.base/jdk.internal.util.Preconditions.checkIndex(Preconditions.java:266)
[23:40:24] [Worker-Main-8/INFO] (Minecraft) [STDERR]: 	at java.base/java.util.Objects.checkIndex(Objects.java:359)
[23:40:24] [Worker-Main-8/INFO] (Minecraft) [STDERR]: 	at java.base/java.util.ArrayList$SubList.get(ArrayList.java:1149)
[23:40:24] [Worker-Main-8/INFO] (Minecraft) [STDERR]: 	at software.bernie.shadowed.eliotlash.mclib.math.MathBuilder.parseSymbols(MathBuilder.java:306)
[23:40:24] [Worker-Main-8/INFO] (Minecraft) [STDERR]: 	at software.bernie.shadowed.eliotlash.mclib.math.MathBuilder.parseSymbols(MathBuilder.java:282)
[23:40:24] [Worker-Main-8/INFO] (Minecraft) [STDERR]: 	at software.bernie.shadowed.eliotlash.mclib.math.MathBuilder.createFunction(MathBuilder.java:439)
[23:40:24] [Worker-Main-8/INFO] (Minecraft) [STDERR]: 	at software.bernie.shadowed.eliotlash.mclib.math.MathBuilder.parseSymbols(MathBuilder.java:266)
[23:40:24] [Worker-Main-8/INFO] (Minecraft) [STDERR]: 	at software.bernie.shadowed.eliotlash.mclib.math.MathBuilder.parseSymbols(MathBuilder.java:308)
[23:40:24] [Worker-Main-8/INFO] (Minecraft) [STDERR]: 	at software.bernie.shadowed.eliotlash.mclib.math.MathBuilder.parseSymbols(MathBuilder.java:283)
[23:40:24] [Worker-Main-8/INFO] (Minecraft) [STDERR]: 	at software.bernie.geckolib3.core.molang.MolangParser.parseSymbolsMolang(MolangParser.java:228)
[23:40:24] [Worker-Main-8/INFO] (Minecraft) [STDERR]: 	at software.bernie.geckolib3.core.molang.MolangParser.parseOneLine(MolangParser.java:216)
[23:40:24] [Worker-Main-8/INFO] (Minecraft) [STDERR]: 	at software.bernie.geckolib3.core.molang.MolangParser.parseExpression(MolangParser.java:174)
[23:40:24] [Worker-Main-8/INFO] (Minecraft) [STDERR]: 	at software.bernie.geckolib3.core.molang.MolangParser.parseJson(MolangParser.java:154)
[23:40:24] [Worker-Main-8/INFO] (Minecraft) [STDERR]: 	at software.bernie.geckolib3.util.json.JsonKeyFrameUtils.parseExpression(JsonKeyFrameUtils.java:180)
[23:40:24] [Worker-Main-8/INFO] (Minecraft) [STDERR]: 	at software.bernie.geckolib3.util.json.JsonKeyFrameUtils.convertJson(JsonKeyFrameUtils.java:58)
[23:40:24] [Worker-Main-8/INFO] (Minecraft) [STDERR]: 	at software.bernie.geckolib3.util.json.JsonKeyFrameUtils.convertJsonToRotationKeyFrames(JsonKeyFrameUtils.java:174)
[23:40:24] [Worker-Main-8/INFO] (Minecraft) [STDERR]: 	at software.bernie.geckolib3.util.json.JsonAnimationUtils.deserializeJsonToAnimation(JsonAnimationUtils.java:282)
[23:40:24] [Worker-Main-8/INFO] (Minecraft) [STDERR]: 	at software.bernie.geckolib3.file.AnimationFileLoader.loadAllAnimations(AnimationFileLoader.java:32)
[23:40:24] [Worker-Main-8/INFO] (Minecraft) [STDERR]: 	at software.bernie.geckolib3.resource.GeckoLibCache.lambda$reload$0(GeckoLibCache.java:73)
[23:40:24] [Worker-Main-8/INFO] (Minecraft) [STDERR]: 	at software.bernie.geckolib3.resource.GeckoLibCache.lambda$loadResources$5(GeckoLibCache.java:91)
[23:40:24] [Worker-Main-8/INFO] (Minecraft) [STDERR]: 	at java.base/java.util.concurrent.CompletableFuture$AsyncSupply.run(CompletableFuture.java:1768)
[23:40:24] [Worker-Main-8/INFO] (Minecraft) [STDERR]: 	at java.base/java.util.concurrent.CompletableFuture$AsyncSupply.exec(CompletableFuture.java:1760)
[23:40:24] [Worker-Main-8/INFO] (Minecraft) [STDERR]: 	at java.base/java.util.concurrent.ForkJoinTask.doExec(ForkJoinTask.java:373)
[23:40:24] [Worker-Main-8/INFO] (Minecraft) [STDERR]: 	at java.base/java.util.concurrent.ForkJoinPool$WorkQueue.topLevelExec(ForkJoinPool.java:1182)
[23:40:24] [Worker-Main-8/INFO] (Minecraft) [STDERR]: 	at java.base/java.util.concurrent.ForkJoinPool.scan(ForkJoinPool.java:1655)
[23:40:24] [Worker-Main-8/INFO] (Minecraft) [STDERR]: 	at java.base/java.util.concurrent.ForkJoinPool.runWorker(ForkJoinPool.java:1622)
[23:40:24] [Worker-Main-8/INFO] (Minecraft) [STDERR]: 	at java.base/java.util.concurrent.ForkJoinWorkerThread.run(ForkJoinWorkerThread.java:165)
[23:40:24] [Realms Notification Availability checker #1/INFO] (Minecraft) Could not authorize you against Realms server: Invalid session id
[23:40:25] [Worker-Main-11/WARN] (Minecraft) Unable to load model: 'maniae:example_item#inventory' referenced from: maniae:example_item#inventory: java.io.FileNotFoundException: maniae:models/item/example_item.json
[23:40:27] [Worker-Main-8/ERROR] (Minecraft) Using missing texture, unable to load maniae:textures/item/electroblade/secondarypower.png : java.io.IOException: Could not read info from the PNG file net.minecraft.resource.ResourceImpl@50412d0b Image not of any known type, or corrupt
[23:40:27] [Worker-Main-14/ERROR] (Minecraft) Using missing texture, unable to load maniae:textures/item/electroblade/section.png : java.io.IOException: Could not read info from the PNG file net.minecraft.resource.ResourceImpl@dd11a4e3 Image not of any known type, or corrupt
[23:40:27] [Worker-Main-13/ERROR] (Minecraft) Using missing texture, unable to load maniae:textures/item/electroblade/texture.png : java.io.IOException: Could not read info from the PNG file net.minecraft.resource.ResourceImpl@1afdf019 Image not of any known type, or corrupt
[23:40:27] [Worker-Main-12/ERROR] (Minecraft) Using missing texture, unable to load maniae:textures/item/electroblade/bladetexture.png : java.io.IOException: Could not read info from the PNG file net.minecraft.resource.ResourceImpl@dd8a3d7d Image not of any known type, or corrupt
[23:40:27] [Worker-Main-14/ERROR] (Minecraft) Using missing texture, unable to load maniae:textures/item/electroblade/mainpower.png : java.io.IOException: Could not read info from the PNG file net.minecraft.resource.ResourceImpl@3d9368ea Image not of any known type, or corrupt
[23:40:27] [Worker-Main-8/ERROR] (Minecraft) Using missing texture, unable to load maniae:textures/item/electroblade/arm.png : java.io.IOException: Could not read info from the PNG file net.minecraft.resource.ResourceImpl@20a28dda Image not of any known type, or corrupt
[23:40:27] [Worker-Main-12/ERROR] (Minecraft) Using missing texture, unable to load maniae:textures/item/electroblade/black.png : java.io.IOException: Could not read info from the PNG file net.minecraft.resource.ResourceImpl@8f32497d Image not of any known type, or corrupt
[23:40:28] [Render thread/INFO] (Minecraft) OpenAL initialized on device OpenAL Soft on Speakers (Conexant ISST Audio)
[23:40:28] [Render thread/INFO] (Minecraft) Sound engine started
[23:40:29] [Render thread/INFO] (Minecraft) Created: 1024x1024x4 minecraft:textures/atlas/blocks.png-atlas
[23:40:29] [Render thread/INFO] (Minecraft) Created: 256x128x4 minecraft:textures/atlas/signs.png-atlas
[23:40:29] [Render thread/INFO] (Minecraft) Created: 1024x512x4 minecraft:textures/atlas/banner_patterns.png-atlas
[23:40:29] [Render thread/INFO] (Minecraft) Created: 1024x512x4 minecraft:textures/atlas/shield_patterns.png-atlas
[23:40:29] [Render thread/INFO] (Minecraft) Created: 256x256x4 minecraft:textures/atlas/chest.png-atlas
[23:40:29] [Render thread/INFO] (Minecraft) Created: 512x256x4 minecraft:textures/atlas/beds.png-atlas
[23:40:29] [Render thread/INFO] (Minecraft) Created: 512x256x4 minecraft:textures/atlas/shulker_boxes.png-atlas
[23:40:33] [Render thread/INFO] (Minecraft) Created: 256x256x0 minecraft:textures/atlas/particles.png-atlas
[23:40:33] [Render thread/INFO] (Minecraft) Created: 256x256x0 minecraft:textures/atlas/paintings.png-atlas
[23:40:33] [Render thread/INFO] (Minecraft) Created: 256x128x0 minecraft:textures/atlas/mob_effects.png-atlas
[23:40:38] [Render thread/WARN] (Minecraft) Ambiguity between arguments [teleport, location] and [teleport, destination] with inputs: [0.1 -0.5 .9, 0 0 0]
[23:40:38] [Render thread/WARN] (Minecraft) Ambiguity between arguments [teleport, location] and [teleport, targets] with inputs: [0.1 -0.5 .9, 0 0 0]
[23:40:38] [Render thread/WARN] (Minecraft) Ambiguity between arguments [teleport, destination] and [teleport, targets] with inputs: [Player, 0123, @e, dd12be42-52a9-4a91-a8a1-11c01849e498]
[23:40:38] [Render thread/WARN] (Minecraft) Ambiguity between arguments [teleport, targets] and [teleport, destination] with inputs: [Player, 0123, dd12be42-52a9-4a91-a8a1-11c01849e498]
[23:40:38] [Render thread/WARN] (Minecraft) Ambiguity between arguments [teleport, targets, location] and [teleport, targets, destination] with inputs: [0.1 -0.5 .9, 0 0 0]
[23:40:39] [Render thread/INFO] (Minecraft) Loaded 7 recipes
[23:40:39] [Render thread/INFO] (Minecraft) Loaded 1141 advancements
[23:40:41] [Render thread/INFO] (Minecraft) Environment: authHost='https://authserver.mojang.com', accountsHost='https://api.mojang.com', sessionHost='https://sessionserver.mojang.com', servicesHost='https://api.minecraftservices.com', name='PROD'
[23:40:41] [Render thread/INFO] (BiomeModificationImpl) Applied 0 biome modifications to 0 of 61 new biomes in 5.664 ms
[23:40:41] [Server thread/INFO] (Minecraft) Starting integrated minecraft server version 1.18.2
[23:40:41] [Server thread/INFO] (Minecraft) Generating keypair
[23:40:42] [Server thread/INFO] (Minecraft) Preparing start region for dimension minecraft:overworld
[23:40:44] [Render thread/INFO] (Minecraft) Preparing spawn area: 0%
[23:40:44] [Render thread/INFO] (Minecraft) Preparing spawn area: 0%
[23:40:44] [Render thread/INFO] (Minecraft) Preparing spawn area: 0%
[23:40:44] [Render thread/INFO] (Minecraft) Preparing spawn area: 0%
[23:40:44] [Render thread/INFO] (Minecraft) Preparing spawn area: 0%
[23:40:44] [Render thread/INFO] (Minecraft) Preparing spawn area: 0%
[23:40:45] [Render thread/INFO] (Minecraft) Preparing spawn area: 0%
[23:40:45] [Render thread/INFO] (Minecraft) Preparing spawn area: 1%
[23:40:46] [Render thread/INFO] (Minecraft) Preparing spawn area: 4%
[23:40:46] [Render thread/INFO] (Minecraft) Preparing spawn area: 6%
[23:40:47] [Render thread/INFO] (Minecraft) Preparing spawn area: 30%
[23:40:47] [Render thread/INFO] (Minecraft) Preparing spawn area: 74%
[23:40:49] [Render thread/INFO] (Minecraft) Time elapsed: 6756 ms
[23:40:49] [Server thread/INFO] (Minecraft) Changing view distance to 12, from 10
[23:40:49] [Server thread/INFO] (Minecraft) Changing simulation distance to 12, from 0
[23:40:52] [Server thread/INFO] (Minecraft) Player41[local:E:7e252aad] logged in with entity id 2 at (4.1839821405098245, -60.0, 22.56313679022084)
[23:40:52] [Server thread/INFO] (Minecraft) Player41 joined the game
[23:40:53] [Render thread/INFO] (Minecraft) Loaded 0 advancements
[23:41:23] [Render thread/INFO] (Minecraft) [CHAT] [Debug]: Key bindings:
[23:41:23] [Render thread/INFO] (Minecraft) [CHAT] F3 + A = Reload chunks
[23:41:23] [Render thread/INFO] (Minecraft) [CHAT] F3 + B = Show hitboxes
[23:41:23] [Render thread/INFO] (Minecraft) [CHAT] F3 + C = Copy location as /tp command, hold F3 + C to crash the game
[23:41:23] [Render thread/INFO] (Minecraft) [CHAT] F3 + D = Clear chat
[23:41:23] [Render thread/INFO] (Minecraft) [CHAT] F3 + F = Cycle render distance (shift to invert)
[23:41:23] [Render thread/INFO] (Minecraft) [CHAT] F3 + G = Show chunk boundaries
[23:41:23] [Render thread/INFO] (Minecraft) [CHAT] F3 + H = Advanced tooltips
[23:41:23] [Render thread/INFO] (Minecraft) [CHAT] F3 + I = Copy entity or block data to clipboard
[23:41:23] [Render thread/INFO] (Minecraft) [CHAT] F3 + L = Start/stop profiling
[23:41:23] [Render thread/INFO] (Minecraft) [CHAT] F3 + N = Cycle previous gamemode <-> spectator
[23:41:23] [Render thread/INFO] (Minecraft) [CHAT] F3 + P = Pause on lost focus
[23:41:23] [Render thread/INFO] (Minecraft) [CHAT] F3 + Q = Show this list
[23:41:23] [Render thread/INFO] (Minecraft) [CHAT] F3 + T = Reload resource packs
[23:41:23] [Render thread/INFO] (Minecraft) [CHAT] F3 + Esc = Pause without pause menu (if pausing is possible)
[23:41:23] [Render thread/INFO] (Minecraft) [CHAT] F3 + F4 = Open game mode switcher
[23:41:24] [Render thread/INFO] (Minecraft) [CHAT] [Debug]: Key bindings:
[23:41:24] [Render thread/INFO] (Minecraft) [CHAT] F3 + A = Reload chunks
[23:41:24] [Render thread/INFO] (Minecraft) [CHAT] F3 + B = Show hitboxes
[23:41:24] [Render thread/INFO] (Minecraft) [CHAT] F3 + C = Copy location as /tp command, hold F3 + C to crash the game
[23:41:24] [Render thread/INFO] (Minecraft) [CHAT] F3 + D = Clear chat
[23:41:24] [Render thread/INFO] (Minecraft) [CHAT] F3 + F = Cycle render distance (shift to invert)
[23:41:24] [Render thread/INFO] (Minecraft) [CHAT] F3 + G = Show chunk boundaries
[23:41:24] [Render thread/INFO] (Minecraft) [CHAT] F3 + H = Advanced tooltips
[23:41:24] [Render thread/INFO] (Minecraft) [CHAT] F3 + I = Copy entity or block data to clipboard
[23:41:24] [Render thread/INFO] (Minecraft) [CHAT] F3 + L = Start/stop profiling
[23:41:24] [Render thread/INFO] (Minecraft) [CHAT] F3 + N = Cycle previous gamemode <-> spectator
[23:41:24] [Render thread/INFO] (Minecraft) [CHAT] F3 + P = Pause on lost focus
[23:41:24] [Render thread/INFO] (Minecraft) [CHAT] F3 + Q = Show this list
[23:41:24] [Render thread/INFO] (Minecraft) [CHAT] F3 + T = Reload resource packs
[23:41:24] [Render thread/INFO] (Minecraft) [CHAT] F3 + Esc = Pause without pause menu (if pausing is possible)
[23:41:24] [Render thread/INFO] (Minecraft) [CHAT] F3 + F4 = Open game mode switcher
[23:41:27] [Render thread/INFO] (Minecraft) [CHAT] [Debug]: Advanced tooltips: shown
[23:41:32] [Render thread/INFO] (Minecraft) [CHAT] [Debug]: Key bindings:
[23:41:32] [Render thread/INFO] (Minecraft) [CHAT] F3 + A = Reload chunks
[23:41:32] [Render thread/INFO] (Minecraft) [CHAT] F3 + B = Show hitboxes
[23:41:32] [Render thread/INFO] (Minecraft) [CHAT] F3 + C = Copy location as /tp command, hold F3 + C to crash the game
[23:41:32] [Render thread/INFO] (Minecraft) [CHAT] F3 + D = Clear chat
[23:41:32] [Render thread/INFO] (Minecraft) [CHAT] F3 + F = Cycle render distance (shift to invert)
[23:41:32] [Render thread/INFO] (Minecraft) [CHAT] F3 + G = Show chunk boundaries
[23:41:32] [Render thread/INFO] (Minecraft) [CHAT] F3 + H = Advanced tooltips
[23:41:32] [Render thread/INFO] (Minecraft) [CHAT] F3 + I = Copy entity or block data to clipboard
[23:41:32] [Render thread/INFO] (Minecraft) [CHAT] F3 + L = Start/stop profiling
[23:41:32] [Render thread/INFO] (Minecraft) [CHAT] F3 + N = Cycle previous gamemode <-> spectator
[23:41:32] [Render thread/INFO] (Minecraft) [CHAT] F3 + P = Pause on lost focus
[23:41:32] [Render thread/INFO] (Minecraft) [CHAT] F3 + Q = Show this list
[23:41:32] [Render thread/INFO] (Minecraft) [CHAT] F3 + T = Reload resource packs
[23:41:32] [Render thread/INFO] (Minecraft) [CHAT] F3 + Esc = Pause without pause menu (if pausing is possible)
[23:41:32] [Render thread/INFO] (Minecraft) [CHAT] F3 + F4 = Open game mode switcher
[23:41:37] [Render thread/INFO] (Minecraft) [CHAT] [Debug]: Hitboxes: shown
[23:41:59] [Server thread/INFO] (Minecraft) [Player41: Summoned new Ender Dragon]
[23:41:59] [Render thread/INFO] (Minecraft) [CHAT] Summoned new Ender Dragon
[23:43:04] [Server thread/INFO] (Minecraft) [Player41: Applied effect Strength to Player41]
[23:43:04] [Render thread/INFO] (Minecraft) [CHAT] Applied effect Strength to Player41
[23:43:22] [Server thread/INFO] (Minecraft) [Player41: Killed Ender Dragon]
[23:43:22] [Render thread/INFO] (Minecraft) [CHAT] Killed Ender Dragon
[23:43:44] [Server thread/INFO] (Minecraft) Saving and pausing game...
[23:43:44] [Server thread/INFO] (Minecraft) Saving chunks for level 'ServerLevel[TestWorld]'/minecraft:overworld
[23:43:44] [Server thread/INFO] (Minecraft) Saving chunks for level 'ServerLevel[TestWorld]'/minecraft:the_end
[23:43:44] [Server thread/INFO] (Minecraft) Saving chunks for level 'ServerLevel[TestWorld]'/minecraft:the_nether
[23:43:46] [Server thread/INFO] (Minecraft) Player41 lost connection: Disconnected
[23:43:46] [Server thread/INFO] (Minecraft) Player41 left the game
[23:43:46] [Server thread/INFO] (Minecraft) Stopping singleplayer server as player logged out
[23:43:46] [Server thread/INFO] (Minecraft) Stopping server
[23:43:46] [Server thread/INFO] (Minecraft) Saving players
[23:43:46] [Server thread/INFO] (Minecraft) Saving worlds
[23:43:47] [Server thread/INFO] (Minecraft) Saving chunks for level 'ServerLevel[TestWorld]'/minecraft:overworld
[23:43:50] [Server thread/INFO] (Minecraft) Saving chunks for level 'ServerLevel[TestWorld]'/minecraft:the_end
[23:43:50] [Server thread/INFO] (Minecraft) Saving chunks for level 'ServerLevel[TestWorld]'/minecraft:the_nether
[23:43:50] [Server thread/INFO] (Minecraft) ThreadedAnvilChunkStorage (TestWorld): All chunks are saved
[23:43:50] [Server thread/INFO] (Minecraft) ThreadedAnvilChunkStorage (DIM1): All chunks are saved
[23:43:50] [Server thread/INFO] (Minecraft) ThreadedAnvilChunkStorage (DIM-1): All chunks are saved
[23:43:50] [Server thread/INFO] (Minecraft) ThreadedAnvilChunkStorage: All dimensions are saved
[23:48:09] [Render thread/WARN] (Minecraft) Ambiguity between arguments [teleport, location] and [teleport, destination] with inputs: [0.1 -0.5 .9, 0 0 0]
[23:48:09] [Render thread/WARN] (Minecraft) Ambiguity between arguments [teleport, location] and [teleport, targets] with inputs: [0.1 -0.5 .9, 0 0 0]
[23:48:09] [Render thread/WARN] (Minecraft) Ambiguity between arguments [teleport, destination] and [teleport, targets] with inputs: [Player, 0123, @e, dd12be42-52a9-4a91-a8a1-11c01849e498]
[23:48:09] [Render thread/WARN] (Minecraft) Ambiguity between arguments [teleport, targets] and [teleport, destination] with inputs: [Player, 0123, dd12be42-52a9-4a91-a8a1-11c01849e498]
[23:48:09] [Render thread/WARN] (Minecraft) Ambiguity between arguments [teleport, targets, location] and [teleport, targets, destination] with inputs: [0.1 -0.5 .9, 0 0 0]
[23:48:10] [Render thread/INFO] (Minecraft) Loaded 7 recipes
[23:48:10] [Render thread/INFO] (Minecraft) Loaded 1141 advancements
[23:48:10] [Render thread/INFO] (Minecraft) Environment: authHost='https://authserver.mojang.com', accountsHost='https://api.mojang.com', sessionHost='https://sessionserver.mojang.com', servicesHost='https://api.minecraftservices.com', name='PROD'
[23:48:10] [Render thread/INFO] (BiomeModificationImpl) Applied 0 biome modifications to 0 of 61 new biomes in 242.5 μs
[23:48:10] [Server thread/INFO] (Minecraft) Starting integrated minecraft server version 1.18.2
[23:48:10] [Server thread/INFO] (Minecraft) Generating keypair
[23:48:10] [Server thread/INFO] (Minecraft) Preparing start region for dimension minecraft:overworld
[23:48:11] [Render thread/INFO] (Minecraft) Preparing spawn area: 0%
[23:48:11] [Render thread/INFO] (Minecraft) Preparing spawn area: 0%
[23:48:11] [Render thread/INFO] (Minecraft) Preparing spawn area: 1%
[23:48:12] [Render thread/INFO] (Minecraft) Preparing spawn area: 16%
[23:48:12] [Server thread/INFO] (Minecraft) Changing view distance to 12, from 10
[23:48:12] [Render thread/INFO] (Minecraft) Preparing spawn area: 86%
[23:48:12] [Render thread/INFO] (Minecraft) Time elapsed: 2032 ms
[23:48:12] [Server thread/INFO] (Minecraft) Changing simulation distance to 12, from 0
[23:48:12] [Server thread/INFO] (Minecraft) Player41[local:E:ffd3283b] logged in with entity id 26 at (0.7828734336411555, -38.16049501461069, -0.1668019033205902)
[23:48:12] [Server thread/INFO] (Minecraft) Player41 joined the game
[23:48:13] [Render thread/INFO] (Minecraft) Loaded 0 advancements
[23:48:17] [Render thread/INFO] (Minecraft) [CHAT] [Debug]: Reloaded resource packs
[23:48:17] [Render thread/INFO] (Minecraft) Reloading ResourceManager: Default, Fabric Mods (Fabric Key Bindings (v0), Fabric Textures (v0), Fabric Screen Handler API (v1), Fabric Networking (v0), Fabric Events Lifecycle (v0), Fabric Game Rule API (v1), Fabric Loader, Fabric Game Test API (v1), Fabric Item Groups (v0), Fabric Item API (v1), Fabric Rendering Data Attachment (v1), Fabric Renderer Registries (v1), Fabric Crash Report Info (v1), Fabric API Base, Fabric Dimensions API (v1), Fabric Loot API (v2), Fabric Networking API (v1), Fabric Commands (v0), Fabric Resource Loader (v0), Fabric Lifecycle Events (v1), Fabric Key Binding API (v1), Fabric BlockRenderLayer Registration (v1), Fabric API, Fabric Screen API (v1), Fabric Renderer API (v1), Geckolib, Fabric Object Builder API (v1), Fabric Command API (v1), Fabric Transfer API (v1), Fabric Mining Level API (v1), Fabric Loot Tables (v1), Fabric Rendering (v1), Fabric Registry Sync (v0), Fabric Particles (v1), Fabric Convention Tags, Fabric API Lookup API (v1), Fabric Biome API (v1), Fabric Models (v0), Fabric Renderer - Indigo, Fabric Transitive Access Wideners (v1), Fabric Rendering Fluids (v1), Fabric Content Registries (v0), Fabric Events Interaction (v0), Fabric Rendering (v0), Fabric Entity Events (v1), Fabric Resource Conditions API (v1), Fabric Data Generation API (v1), Fabric Containers (v0), Maniae)
[23:48:17] [Server thread/INFO] (Minecraft) Saving and pausing game...
[23:48:17] [Server thread/INFO] (Minecraft) Saving chunks for level 'ServerLevel[TestWorld]'/minecraft:overworld
[23:48:17] [Server thread/INFO] (Minecraft) Saving chunks for level 'ServerLevel[TestWorld]'/minecraft:the_end
[23:48:17] [Server thread/INFO] (Minecraft) Saving chunks for level 'ServerLevel[TestWorld]'/minecraft:the_nether
[23:48:17] [Worker-Main-24/INFO] (Minecraft) [STDERR]: java.lang.IndexOutOfBoundsException: Index -1 out of bounds for length 0
[23:48:17] [Worker-Main-24/INFO] (Minecraft) [STDERR]: 	at java.base/jdk.internal.util.Preconditions.outOfBounds(Preconditions.java:64)
[23:48:17] [Worker-Main-24/INFO] (Minecraft) [STDERR]: 	at java.base/jdk.internal.util.Preconditions.outOfBoundsCheckIndex(Preconditions.java:70)
[23:48:17] [Worker-Main-24/INFO] (Minecraft) [STDERR]: 	at java.base/jdk.internal.util.Preconditions.checkIndex(Preconditions.java:266)
[23:48:17] [Worker-Main-24/INFO] (Minecraft) [STDERR]: 	at java.base/java.util.Objects.checkIndex(Objects.java:359)
[23:48:17] [Worker-Main-24/INFO] (Minecraft) [STDERR]: 	at java.base/java.util.ArrayList$SubList.get(ArrayList.java:1149)
[23:48:17] [Worker-Main-24/INFO] (Minecraft) [STDERR]: 	at software.bernie.shadowed.eliotlash.mclib.math.MathBuilder.parseSymbols(MathBuilder.java:306)
[23:48:17] [Worker-Main-24/INFO] (Minecraft) [STDERR]: 	at software.bernie.shadowed.eliotlash.mclib.math.MathBuilder.parseSymbols(MathBuilder.java:282)
[23:48:17] [Worker-Main-24/INFO] (Minecraft) [STDERR]: 	at software.bernie.shadowed.eliotlash.mclib.math.MathBuilder.createFunction(MathBuilder.java:439)
[23:48:17] [Worker-Main-24/INFO] (Minecraft) [STDERR]: 	at software.bernie.shadowed.eliotlash.mclib.math.MathBuilder.parseSymbols(MathBuilder.java:266)
[23:48:17] [Worker-Main-24/INFO] (Minecraft) [STDERR]: 	at software.bernie.shadowed.eliotlash.mclib.math.MathBuilder.parseSymbols(MathBuilder.java:308)
[23:48:17] [Worker-Main-24/INFO] (Minecraft) [STDERR]: 	at software.bernie.shadowed.eliotlash.mclib.math.MathBuilder.parseSymbols(MathBuilder.java:283)
[23:48:17] [Worker-Main-24/INFO] (Minecraft) [STDERR]: 	at software.bernie.geckolib3.core.molang.MolangParser.parseSymbolsMolang(MolangParser.java:228)
[23:48:17] [Worker-Main-24/INFO] (Minecraft) [STDERR]: 	at software.bernie.geckolib3.core.molang.MolangParser.parseOneLine(MolangParser.java:216)
[23:48:17] [Worker-Main-24/INFO] (Minecraft) [STDERR]: 	at software.bernie.geckolib3.core.molang.MolangParser.parseExpression(MolangParser.java:174)
[23:48:17] [Worker-Main-24/INFO] (Minecraft) [STDERR]: 	at software.bernie.geckolib3.core.molang.MolangParser.parseJson(MolangParser.java:154)
[23:48:17] [Worker-Main-24/INFO] (Minecraft) [STDERR]: 	at software.bernie.geckolib3.util.json.JsonKeyFrameUtils.parseExpression(JsonKeyFrameUtils.java:180)
[23:48:17] [Worker-Main-24/INFO] (Minecraft) [STDERR]: 	at software.bernie.geckolib3.util.json.JsonKeyFrameUtils.convertJson(JsonKeyFrameUtils.java:58)
[23:48:17] [Worker-Main-24/INFO] (Minecraft) [STDERR]: 	at software.bernie.geckolib3.util.json.JsonKeyFrameUtils.convertJsonToRotationKeyFrames(JsonKeyFrameUtils.java:174)
[23:48:17] [Worker-Main-24/INFO] (Minecraft) [STDERR]: 	at software.bernie.geckolib3.util.json.JsonAnimationUtils.deserializeJsonToAnimation(JsonAnimationUtils.java:282)
[23:48:17] [Worker-Main-24/INFO] (Minecraft) [STDERR]: 	at software.bernie.geckolib3.file.AnimationFileLoader.loadAllAnimations(AnimationFileLoader.java:32)
[23:48:17] [Worker-Main-24/INFO] (Minecraft) [STDERR]: 	at software.bernie.geckolib3.resource.GeckoLibCache.lambda$reload$0(GeckoLibCache.java:73)
[23:48:17] [Worker-Main-24/INFO] (Minecraft) [STDERR]: 	at software.bernie.geckolib3.resource.GeckoLibCache.lambda$loadResources$5(GeckoLibCache.java:91)
[23:48:17] [Worker-Main-24/INFO] (Minecraft) [STDERR]: 	at java.base/java.util.concurrent.CompletableFuture$AsyncSupply.run(CompletableFuture.java:1768)
[23:48:17] [Worker-Main-24/INFO] (Minecraft) [STDERR]: 	at java.base/java.util.concurrent.CompletableFuture$AsyncSupply.exec(CompletableFuture.java:1760)
[23:48:17] [Worker-Main-24/INFO] (Minecraft) [STDERR]: 	at java.base/java.util.concurrent.ForkJoinTask.doExec(ForkJoinTask.java:373)
[23:48:17] [Worker-Main-24/INFO] (Minecraft) [STDERR]: 	at java.base/java.util.concurrent.ForkJoinPool$WorkQueue.topLevelExec(ForkJoinPool.java:1182)
[23:48:17] [Worker-Main-24/INFO] (Minecraft) [STDERR]: 	at java.base/java.util.concurrent.ForkJoinPool.scan(ForkJoinPool.java:1655)
[23:48:17] [Worker-Main-24/INFO] (Minecraft) [STDERR]: 	at java.base/java.util.concurrent.ForkJoinPool.runWorker(ForkJoinPool.java:1622)
[23:48:17] [Worker-Main-24/INFO] (Minecraft) [STDERR]: 	at java.base/java.util.concurrent.ForkJoinWorkerThread.run(ForkJoinWorkerThread.java:165)
[23:48:17] [Worker-Main-24/INFO] (Minecraft) [STDERR]: java.lang.IndexOutOfBoundsException: Index -1 out of bounds for length 0
[23:48:17] [Worker-Main-24/INFO] (Minecraft) [STDERR]: 	at java.base/jdk.internal.util.Preconditions.outOfBounds(Preconditions.java:64)
[23:48:17] [Worker-Main-24/INFO] (Minecraft) [STDERR]: 	at java.base/jdk.internal.util.Preconditions.outOfBoundsCheckIndex(Preconditions.java:70)
[23:48:17] [Worker-Main-24/INFO] (Minecraft) [STDERR]: 	at java.base/jdk.internal.util.Preconditions.checkIndex(Preconditions.java:266)
[23:48:17] [Worker-Main-24/INFO] (Minecraft) [STDERR]: 	at java.base/java.util.Objects.checkIndex(Objects.java:359)
[23:48:17] [Worker-Main-24/INFO] (Minecraft) [STDERR]: 	at java.base/java.util.ArrayList$SubList.get(ArrayList.java:1149)
[23:48:17] [Worker-Main-24/INFO] (Minecraft) [STDERR]: 	at software.bernie.shadowed.eliotlash.mclib.math.MathBuilder.parseSymbols(MathBuilder.java:306)
[23:48:17] [Worker-Main-24/INFO] (Minecraft) [STDERR]: 	at software.bernie.shadowed.eliotlash.mclib.math.MathBuilder.parseSymbols(MathBuilder.java:282)
[23:48:17] [Worker-Main-24/INFO] (Minecraft) [STDERR]: 	at software.bernie.shadowed.eliotlash.mclib.math.MathBuilder.createFunction(MathBuilder.java:439)
[23:48:17] [Worker-Main-24/INFO] (Minecraft) [STDERR]: 	at software.bernie.shadowed.eliotlash.mclib.math.MathBuilder.parseSymbols(MathBuilder.java:266)
[23:48:17] [Worker-Main-24/INFO] (Minecraft) [STDERR]: 	at software.bernie.shadowed.eliotlash.mclib.math.MathBuilder.parseSymbols(MathBuilder.java:308)
[23:48:17] [Worker-Main-24/INFO] (Minecraft) [STDERR]: 	at software.bernie.shadowed.eliotlash.mclib.math.MathBuilder.parseSymbols(MathBuilder.java:283)
[23:48:17] [Worker-Main-24/INFO] (Minecraft) [STDERR]: 	at software.bernie.geckolib3.core.molang.MolangParser.parseSymbolsMolang(MolangParser.java:228)
[23:48:17] [Worker-Main-24/INFO] (Minecraft) [STDERR]: 	at software.bernie.geckolib3.core.molang.MolangParser.parseOneLine(MolangParser.java:216)
[23:48:17] [Worker-Main-24/INFO] (Minecraft) [STDERR]: 	at software.bernie.geckolib3.core.molang.MolangParser.parseExpression(MolangParser.java:174)
[23:48:17] [Worker-Main-24/INFO] (Minecraft) [STDERR]: 	at software.bernie.geckolib3.core.molang.MolangParser.parseJson(MolangParser.java:154)
[23:48:17] [Worker-Main-24/INFO] (Minecraft) [STDERR]: 	at software.bernie.geckolib3.util.json.JsonKeyFrameUtils.parseExpression(JsonKeyFrameUtils.java:180)
[23:48:17] [Worker-Main-24/INFO] (Minecraft) [STDERR]: 	at software.bernie.geckolib3.util.json.JsonKeyFrameUtils.convertJson(JsonKeyFrameUtils.java:58)
[23:48:17] [Worker-Main-24/INFO] (Minecraft) [STDERR]: 	at software.bernie.geckolib3.util.json.JsonKeyFrameUtils.convertJsonToRotationKeyFrames(JsonKeyFrameUtils.java:174)
[23:48:17] [Worker-Main-24/INFO] (Minecraft) [STDERR]: 	at software.bernie.geckolib3.util.json.JsonAnimationUtils.deserializeJsonToAnimation(JsonAnimationUtils.java:282)
[23:48:17] [Worker-Main-24/INFO] (Minecraft) [STDERR]: 	at software.bernie.geckolib3.file.AnimationFileLoader.loadAllAnimations(AnimationFileLoader.java:32)
[23:48:17] [Worker-Main-24/INFO] (Minecraft) [STDERR]: 	at software.bernie.geckolib3.resource.GeckoLibCache.lambda$reload$0(GeckoLibCache.java:73)
[23:48:17] [Worker-Main-24/INFO] (Minecraft) [STDERR]: 	at software.bernie.geckolib3.resource.GeckoLibCache.lambda$loadResources$5(GeckoLibCache.java:91)
[23:48:17] [Worker-Main-24/INFO] (Minecraft) [STDERR]: 	at java.base/java.util.concurrent.CompletableFuture$AsyncSupply.run(CompletableFuture.java:1768)
[23:48:17] [Worker-Main-24/INFO] (Minecraft) [STDERR]: 	at java.base/java.util.concurrent.CompletableFuture$AsyncSupply.exec(CompletableFuture.java:1760)
[23:48:17] [Worker-Main-24/INFO] (Minecraft) [STDERR]: 	at java.base/java.util.concurrent.ForkJoinTask.doExec(ForkJoinTask.java:373)
[23:48:17] [Worker-Main-24/INFO] (Minecraft) [STDERR]: 	at java.base/java.util.concurrent.ForkJoinPool$WorkQueue.topLevelExec(ForkJoinPool.java:1182)
[23:48:17] [Worker-Main-24/INFO] (Minecraft) [STDERR]: 	at java.base/java.util.concurrent.ForkJoinPool.scan(ForkJoinPool.java:1655)
[23:48:17] [Worker-Main-24/INFO] (Minecraft) [STDERR]: 	at java.base/java.util.concurrent.ForkJoinPool.runWorker(ForkJoinPool.java:1622)
[23:48:17] [Worker-Main-24/INFO] (Minecraft) [STDERR]: 	at java.base/java.util.concurrent.ForkJoinWorkerThread.run(ForkJoinWorkerThread.java:165)
[23:48:18] [Worker-Main-22/WARN] (Minecraft) Unable to load model: 'maniae:example_item#inventory' referenced from: maniae:example_item#inventory: java.io.FileNotFoundException: maniae:models/item/example_item.json
[23:48:18] [Worker-Main-14/ERROR] (Minecraft) Using missing texture, unable to load maniae:textures/item/electroblade/secondarypower.png : java.io.IOException: Could not read info from the PNG file net.minecraft.resource.ResourceImpl@50412d0b Image not of any known type, or corrupt
[23:48:18] [Worker-Main-24/ERROR] (Minecraft) Using missing texture, unable to load maniae:textures/item/electroblade/section.png : java.io.IOException: Could not read info from the PNG file net.minecraft.resource.ResourceImpl@dd11a4e3 Image not of any known type, or corrupt
[23:48:18] [Worker-Main-8/ERROR] (Minecraft) Using missing texture, unable to load maniae:textures/item/electroblade/texture.png : java.io.IOException: Could not read info from the PNG file net.minecraft.resource.ResourceImpl@1afdf019 Image not of any known type, or corrupt
[23:48:18] [Worker-Main-24/ERROR] (Minecraft) Using missing texture, unable to load maniae:textures/item/electroblade/bladetexture.png : java.io.IOException: Could not read info from the PNG file net.minecraft.resource.ResourceImpl@dd8a3d7d Image not of any known type, or corrupt
[23:48:18] [Worker-Main-11/ERROR] (Minecraft) Using missing texture, unable to load maniae:textures/item/electroblade/mainpower.png : java.io.IOException: Could not read info from the PNG file net.minecraft.resource.ResourceImpl@3d9368ea Image not of any known type, or corrupt
[23:48:18] [Worker-Main-8/ERROR] (Minecraft) Using missing texture, unable to load maniae:textures/item/electroblade/arm.png : java.io.IOException: Could not read info from the PNG file net.minecraft.resource.ResourceImpl@20a28dda Image not of any known type, or corrupt
[23:48:18] [Worker-Main-11/ERROR] (Minecraft) Using missing texture, unable to load maniae:textures/item/electroblade/black.png : java.io.IOException: Could not read info from the PNG file net.minecraft.resource.ResourceImpl@8f32497d Image not of any known type, or corrupt
[23:48:20] [Render thread/INFO] (Minecraft) OpenAL initialized on device OpenAL Soft on Speakers (Conexant ISST Audio)
[23:48:20] [Render thread/INFO] (Minecraft) Sound engine started
[23:48:20] [Render thread/INFO] (Minecraft) Created: 1024x1024x4 minecraft:textures/atlas/blocks.png-atlas
[23:48:20] [Render thread/INFO] (Minecraft) Created: 256x128x4 minecraft:textures/atlas/signs.png-atlas
[23:48:20] [Render thread/INFO] (Minecraft) Created: 1024x512x4 minecraft:textures/atlas/banner_patterns.png-atlas
[23:48:20] [Render thread/INFO] (Minecraft) Created: 1024x512x4 minecraft:textures/atlas/shield_patterns.png-atlas
[23:48:20] [Render thread/INFO] (Minecraft) Created: 256x256x4 minecraft:textures/atlas/chest.png-atlas
[23:48:20] [Render thread/INFO] (Minecraft) Created: 512x256x4 minecraft:textures/atlas/beds.png-atlas
[23:48:20] [Render thread/INFO] (Minecraft) Created: 512x256x4 minecraft:textures/atlas/shulker_boxes.png-atlas
[23:48:22] [Render thread/INFO] (Minecraft) Created: 256x256x0 minecraft:textures/atlas/particles.png-atlas
[23:48:22] [Render thread/INFO] (Minecraft) Created: 256x256x0 minecraft:textures/atlas/paintings.png-atlas
[23:48:22] [Render thread/INFO] (Minecraft) Created: 256x128x0 minecraft:textures/atlas/mob_effects.png-atlas
[23:48:26] [Server thread/INFO] (Minecraft) Saving and pausing game...
[23:48:26] [Server thread/INFO] (Minecraft) Saving chunks for level 'ServerLevel[TestWorld]'/minecraft:overworld
[23:48:26] [Server thread/INFO] (Minecraft) Saving chunks for level 'ServerLevel[TestWorld]'/minecraft:the_end
[23:48:26] [Server thread/INFO] (Minecraft) Saving chunks for level 'ServerLevel[TestWorld]'/minecraft:the_nether
[23:48:57] [Render thread/INFO] (Minecraft) [CHAT] [Debug]: Reloaded resource packs
[23:48:57] [Render thread/INFO] (Minecraft) Reloading ResourceManager: Default, Fabric Mods (Fabric Key Bindings (v0), Fabric Textures (v0), Fabric Screen Handler API (v1), Fabric Networking (v0), Fabric Events Lifecycle (v0), Fabric Game Rule API (v1), Fabric Loader, Fabric Game Test API (v1), Fabric Item Groups (v0), Fabric Item API (v1), Fabric Rendering Data Attachment (v1), Fabric Renderer Registries (v1), Fabric Crash Report Info (v1), Fabric API Base, Fabric Dimensions API (v1), Fabric Loot API (v2), Fabric Networking API (v1), Fabric Commands (v0), Fabric Resource Loader (v0), Fabric Lifecycle Events (v1), Fabric Key Binding API (v1), Fabric BlockRenderLayer Registration (v1), Fabric API, Fabric Screen API (v1), Fabric Renderer API (v1), Geckolib, Fabric Object Builder API (v1), Fabric Command API (v1), Fabric Transfer API (v1), Fabric Mining Level API (v1), Fabric Loot Tables (v1), Fabric Rendering (v1), Fabric Registry Sync (v0), Fabric Particles (v1), Fabric Convention Tags, Fabric API Lookup API (v1), Fabric Biome API (v1), Fabric Models (v0), Fabric Renderer - Indigo, Fabric Transitive Access Wideners (v1), Fabric Rendering Fluids (v1), Fabric Content Registries (v0), Fabric Events Interaction (v0), Fabric Rendering (v0), Fabric Entity Events (v1), Fabric Resource Conditions API (v1), Fabric Data Generation API (v1), Fabric Containers (v0), Maniae)
[23:48:57] [Server thread/INFO] (Minecraft) Saving and pausing game...
[23:48:57] [Server thread/INFO] (Minecraft) Saving chunks for level 'ServerLevel[TestWorld]'/minecraft:overworld
[23:48:57] [Server thread/INFO] (Minecraft) Saving chunks for level 'ServerLevel[TestWorld]'/minecraft:the_end
[23:48:57] [Server thread/INFO] (Minecraft) Saving chunks for level 'ServerLevel[TestWorld]'/minecraft:the_nether
[23:48:57] [Worker-Main-14/INFO] (Minecraft) [STDERR]: java.lang.IndexOutOfBoundsException: Index -1 out of bounds for length 0
[23:48:57] [Worker-Main-14/INFO] (Minecraft) [STDERR]: 	at java.base/jdk.internal.util.Preconditions.outOfBounds(Preconditions.java:64)
[23:48:57] [Worker-Main-14/INFO] (Minecraft) [STDERR]: 	at java.base/jdk.internal.util.Preconditions.outOfBoundsCheckIndex(Preconditions.java:70)
[23:48:57] [Worker-Main-14/INFO] (Minecraft) [STDERR]: 	at java.base/jdk.internal.util.Preconditions.checkIndex(Preconditions.java:266)
[23:48:57] [Worker-Main-14/INFO] (Minecraft) [STDERR]: 	at java.base/java.util.Objects.checkIndex(Objects.java:359)
[23:48:57] [Worker-Main-14/INFO] (Minecraft) [STDERR]: 	at java.base/java.util.ArrayList$SubList.get(ArrayList.java:1149)
[23:48:57] [Worker-Main-14/INFO] (Minecraft) [STDERR]: 	at software.bernie.shadowed.eliotlash.mclib.math.MathBuilder.parseSymbols(MathBuilder.java:306)
[23:48:57] [Worker-Main-14/INFO] (Minecraft) [STDERR]: 	at software.bernie.shadowed.eliotlash.mclib.math.MathBuilder.parseSymbols(MathBuilder.java:282)
[23:48:57] [Worker-Main-14/INFO] (Minecraft) [STDERR]: 	at software.bernie.shadowed.eliotlash.mclib.math.MathBuilder.createFunction(MathBuilder.java:439)
[23:48:57] [Worker-Main-14/INFO] (Minecraft) [STDERR]: 	at software.bernie.shadowed.eliotlash.mclib.math.MathBuilder.parseSymbols(MathBuilder.java:266)
[23:48:57] [Worker-Main-14/INFO] (Minecraft) [STDERR]: 	at software.bernie.shadowed.eliotlash.mclib.math.MathBuilder.parseSymbols(MathBuilder.java:308)
[23:48:57] [Worker-Main-14/INFO] (Minecraft) [STDERR]: 	at software.bernie.shadowed.eliotlash.mclib.math.MathBuilder.parseSymbols(MathBuilder.java:283)
[23:48:57] [Worker-Main-14/INFO] (Minecraft) [STDERR]: 	at software.bernie.geckolib3.core.molang.MolangParser.parseSymbolsMolang(MolangParser.java:228)
[23:48:57] [Worker-Main-14/INFO] (Minecraft) [STDERR]: 	at software.bernie.geckolib3.core.molang.MolangParser.parseOneLine(MolangParser.java:216)
[23:48:57] [Worker-Main-14/INFO] (Minecraft) [STDERR]: 	at software.bernie.geckolib3.core.molang.MolangParser.parseExpression(MolangParser.java:174)
[23:48:57] [Worker-Main-14/INFO] (Minecraft) [STDERR]: 	at software.bernie.geckolib3.core.molang.MolangParser.parseJson(MolangParser.java:154)
[23:48:57] [Worker-Main-14/INFO] (Minecraft) [STDERR]: 	at software.bernie.geckolib3.util.json.JsonKeyFrameUtils.parseExpression(JsonKeyFrameUtils.java:180)
[23:48:57] [Worker-Main-14/INFO] (Minecraft) [STDERR]: 	at software.bernie.geckolib3.util.json.JsonKeyFrameUtils.convertJson(JsonKeyFrameUtils.java:58)
[23:48:57] [Worker-Main-14/INFO] (Minecraft) [STDERR]: 	at software.bernie.geckolib3.util.json.JsonKeyFrameUtils.convertJsonToRotationKeyFrames(JsonKeyFrameUtils.java:174)
[23:48:57] [Worker-Main-14/INFO] (Minecraft) [STDERR]: 	at software.bernie.geckolib3.util.json.JsonAnimationUtils.deserializeJsonToAnimation(JsonAnimationUtils.java:282)
[23:48:57] [Worker-Main-14/INFO] (Minecraft) [STDERR]: 	at software.bernie.geckolib3.file.AnimationFileLoader.loadAllAnimations(AnimationFileLoader.java:32)
[23:48:57] [Worker-Main-14/INFO] (Minecraft) [STDERR]: 	at software.bernie.geckolib3.resource.GeckoLibCache.lambda$reload$0(GeckoLibCache.java:73)
[23:48:57] [Worker-Main-14/INFO] (Minecraft) [STDERR]: 	at software.bernie.geckolib3.resource.GeckoLibCache.lambda$loadResources$5(GeckoLibCache.java:91)
[23:48:57] [Worker-Main-14/INFO] (Minecraft) [STDERR]: 	at java.base/java.util.concurrent.CompletableFuture$AsyncSupply.run(CompletableFuture.java:1768)
[23:48:57] [Worker-Main-14/INFO] (Minecraft) [STDERR]: 	at java.base/java.util.concurrent.CompletableFuture$AsyncSupply.exec(CompletableFuture.java:1760)
[23:48:57] [Worker-Main-14/INFO] (Minecraft) [STDERR]: 	at java.base/java.util.concurrent.ForkJoinTask.doExec(ForkJoinTask.java:373)
[23:48:57] [Worker-Main-14/INFO] (Minecraft) [STDERR]: 	at java.base/java.util.concurrent.ForkJoinPool$WorkQueue.topLevelExec(ForkJoinPool.java:1182)
[23:48:57] [Worker-Main-14/INFO] (Minecraft) [STDERR]: 	at java.base/java.util.concurrent.ForkJoinPool.scan(ForkJoinPool.java:1655)
[23:48:57] [Worker-Main-14/INFO] (Minecraft) [STDERR]: 	at java.base/java.util.concurrent.ForkJoinPool.runWorker(ForkJoinPool.java:1622)
[23:48:57] [Worker-Main-14/INFO] (Minecraft) [STDERR]: 	at java.base/java.util.concurrent.ForkJoinWorkerThread.run(ForkJoinWorkerThread.java:165)
[23:48:57] [Worker-Main-14/INFO] (Minecraft) [STDERR]: java.lang.IndexOutOfBoundsException: Index -1 out of bounds for length 0
[23:48:57] [Worker-Main-14/INFO] (Minecraft) [STDERR]: 	at java.base/jdk.internal.util.Preconditions.outOfBounds(Preconditions.java:64)
[23:48:57] [Worker-Main-14/INFO] (Minecraft) [STDERR]: 	at java.base/jdk.internal.util.Preconditions.outOfBoundsCheckIndex(Preconditions.java:70)
[23:48:57] [Worker-Main-14/INFO] (Minecraft) [STDERR]: 	at java.base/jdk.internal.util.Preconditions.checkIndex(Preconditions.java:266)
[23:48:57] [Worker-Main-14/INFO] (Minecraft) [STDERR]: 	at java.base/java.util.Objects.checkIndex(Objects.java:359)
[23:48:57] [Worker-Main-14/INFO] (Minecraft) [STDERR]: 	at java.base/java.util.ArrayList$SubList.get(ArrayList.java:1149)
[23:48:57] [Worker-Main-14/INFO] (Minecraft) [STDERR]: 	at software.bernie.shadowed.eliotlash.mclib.math.MathBuilder.parseSymbols(MathBuilder.java:306)
[23:48:57] [Worker-Main-14/INFO] (Minecraft) [STDERR]: 	at software.bernie.shadowed.eliotlash.mclib.math.MathBuilder.parseSymbols(MathBuilder.java:282)
[23:48:57] [Worker-Main-14/INFO] (Minecraft) [STDERR]: 	at software.bernie.shadowed.eliotlash.mclib.math.MathBuilder.createFunction(MathBuilder.java:439)
[23:48:57] [Worker-Main-14/INFO] (Minecraft) [STDERR]: 	at software.bernie.shadowed.eliotlash.mclib.math.MathBuilder.parseSymbols(MathBuilder.java:266)
[23:48:57] [Worker-Main-14/INFO] (Minecraft) [STDERR]: 	at software.bernie.shadowed.eliotlash.mclib.math.MathBuilder.parseSymbols(MathBuilder.java:308)
[23:48:57] [Worker-Main-14/INFO] (Minecraft) [STDERR]: 	at software.bernie.shadowed.eliotlash.mclib.math.MathBuilder.parseSymbols(MathBuilder.java:283)
[23:48:57] [Worker-Main-14/INFO] (Minecraft) [STDERR]: 	at software.bernie.geckolib3.core.molang.MolangParser.parseSymbolsMolang(MolangParser.java:228)
[23:48:57] [Worker-Main-14/INFO] (Minecraft) [STDERR]: 	at software.bernie.geckolib3.core.molang.MolangParser.parseOneLine(MolangParser.java:216)
[23:48:57] [Worker-Main-14/INFO] (Minecraft) [STDERR]: 	at software.bernie.geckolib3.core.molang.MolangParser.parseExpression(MolangParser.java:174)
[23:48:57] [Worker-Main-14/INFO] (Minecraft) [STDERR]: 	at software.bernie.geckolib3.core.molang.MolangParser.parseJson(MolangParser.java:154)
[23:48:57] [Worker-Main-14/INFO] (Minecraft) [STDERR]: 	at software.bernie.geckolib3.util.json.JsonKeyFrameUtils.parseExpression(JsonKeyFrameUtils.java:180)
[23:48:57] [Worker-Main-14/INFO] (Minecraft) [STDERR]: 	at software.bernie.geckolib3.util.json.JsonKeyFrameUtils.convertJson(JsonKeyFrameUtils.java:58)
[23:48:57] [Worker-Main-14/INFO] (Minecraft) [STDERR]: 	at software.bernie.geckolib3.util.json.JsonKeyFrameUtils.convertJsonToRotationKeyFrames(JsonKeyFrameUtils.java:174)
[23:48:57] [Worker-Main-14/INFO] (Minecraft) [STDERR]: 	at software.bernie.geckolib3.util.json.JsonAnimationUtils.deserializeJsonToAnimation(JsonAnimationUtils.java:282)
[23:48:57] [Worker-Main-14/INFO] (Minecraft) [STDERR]: 	at software.bernie.geckolib3.file.AnimationFileLoader.loadAllAnimations(AnimationFileLoader.java:32)
[23:48:57] [Worker-Main-14/INFO] (Minecraft) [STDERR]: 	at software.bernie.geckolib3.resource.GeckoLibCache.lambda$reload$0(GeckoLibCache.java:73)
[23:48:57] [Worker-Main-14/INFO] (Minecraft) [STDERR]: 	at software.bernie.geckolib3.resource.GeckoLibCache.lambda$loadResources$5(GeckoLibCache.java:91)
[23:48:57] [Worker-Main-14/INFO] (Minecraft) [STDERR]: 	at java.base/java.util.concurrent.CompletableFuture$AsyncSupply.run(CompletableFuture.java:1768)
[23:48:57] [Worker-Main-14/INFO] (Minecraft) [STDERR]: 	at java.base/java.util.concurrent.CompletableFuture$AsyncSupply.exec(CompletableFuture.java:1760)
[23:48:57] [Worker-Main-14/INFO] (Minecraft) [STDERR]: 	at java.base/java.util.concurrent.ForkJoinTask.doExec(ForkJoinTask.java:373)
[23:48:57] [Worker-Main-14/INFO] (Minecraft) [STDERR]: 	at java.base/java.util.concurrent.ForkJoinPool$WorkQueue.topLevelExec(ForkJoinPool.java:1182)
[23:48:57] [Worker-Main-14/INFO] (Minecraft) [STDERR]: 	at java.base/java.util.concurrent.ForkJoinPool.scan(ForkJoinPool.java:1655)
[23:48:57] [Worker-Main-14/INFO] (Minecraft) [STDERR]: 	at java.base/java.util.concurrent.ForkJoinPool.runWorker(ForkJoinPool.java:1622)
[23:48:57] [Worker-Main-14/INFO] (Minecraft) [STDERR]: 	at java.base/java.util.concurrent.ForkJoinWorkerThread.run(ForkJoinWorkerThread.java:165)
[23:48:57] [Worker-Main-21/WARN] (Minecraft) Unable to load model: 'maniae:example_item#inventory' referenced from: maniae:example_item#inventory: java.io.FileNotFoundException: maniae:models/item/example_item.json
[23:48:58] [Worker-Main-8/ERROR] (Minecraft) Using missing texture, unable to load maniae:textures/item/electroblade/secondarypower.png : java.io.IOException: Could not read info from the PNG file net.minecraft.resource.ResourceImpl@50412d0b Image not of any known type, or corrupt
[23:48:58] [Worker-Main-24/ERROR] (Minecraft) Using missing texture, unable to load maniae:textures/item/electroblade/section.png : java.io.IOException: Could not read info from the PNG file net.minecraft.resource.ResourceImpl@dd11a4e3 Image not of any known type, or corrupt
[23:48:58] [Worker-Main-11/ERROR] (Minecraft) Using missing texture, unable to load maniae:textures/item/electroblade/texture.png : java.io.IOException: Could not read info from the PNG file net.minecraft.resource.ResourceImpl@1afdf019 Image not of any known type, or corrupt
[23:48:58] [Worker-Main-11/ERROR] (Minecraft) Using missing texture, unable to load maniae:textures/item/electroblade/bladetexture.png : java.io.IOException: Could not read info from the PNG file net.minecraft.resource.ResourceImpl@dd8a3d7d Image not of any known type, or corrupt
[23:48:58] [Worker-Main-24/ERROR] (Minecraft) Using missing texture, unable to load maniae:textures/item/electroblade/mainpower.png : java.io.IOException: Could not read info from the PNG file net.minecraft.resource.ResourceImpl@3d9368ea Image not of any known type, or corrupt
[23:48:58] [Worker-Main-14/ERROR] (Minecraft) Using missing texture, unable to load maniae:textures/item/electroblade/arm.png : java.io.IOException: Could not read info from the PNG file net.minecraft.resource.ResourceImpl@20a28dda Image not of any known type, or corrupt
[23:48:58] [Worker-Main-11/ERROR] (Minecraft) Using missing texture, unable to load maniae:textures/item/electroblade/black.png : java.io.IOException: Could not read info from the PNG file net.minecraft.resource.ResourceImpl@8f32497d Image not of any known type, or corrupt
[23:48:58] [Render thread/INFO] (Minecraft) OpenAL initialized on device OpenAL Soft on Speakers (Conexant ISST Audio)
[23:48:58] [Render thread/INFO] (Minecraft) Sound engine started
[23:48:58] [Render thread/INFO] (Minecraft) Created: 1024x1024x4 minecraft:textures/atlas/blocks.png-atlas
[23:48:59] [Render thread/INFO] (Minecraft) Created: 256x128x4 minecraft:textures/atlas/signs.png-atlas
[23:48:59] [Render thread/INFO] (Minecraft) Created: 1024x512x4 minecraft:textures/atlas/banner_patterns.png-atlas
[23:48:59] [Render thread/INFO] (Minecraft) Created: 1024x512x4 minecraft:textures/atlas/shield_patterns.png-atlas
[23:48:59] [Render thread/INFO] (Minecraft) Created: 256x256x4 minecraft:textures/atlas/chest.png-atlas
[23:48:59] [Render thread/INFO] (Minecraft) Created: 512x256x4 minecraft:textures/atlas/beds.png-atlas
[23:48:59] [Render thread/INFO] (Minecraft) Created: 512x256x4 minecraft:textures/atlas/shulker_boxes.png-atlas
[23:49:01] [Render thread/INFO] (Minecraft) Created: 256x256x0 minecraft:textures/atlas/particles.png-atlas
[23:49:01] [Render thread/INFO] (Minecraft) Created: 256x256x0 minecraft:textures/atlas/paintings.png-atlas
[23:49:01] [Render thread/INFO] (Minecraft) Created: 256x128x0 minecraft:textures/atlas/mob_effects.png-atlas
[23:49:20] [Server thread/INFO] (Minecraft) Saving and pausing game...
[23:49:20] [Server thread/INFO] (Minecraft) Saving chunks for level 'ServerLevel[TestWorld]'/minecraft:overworld
[23:49:20] [Server thread/INFO] (Minecraft) Saving chunks for level 'ServerLevel[TestWorld]'/minecraft:the_end
[23:49:20] [Server thread/INFO] (Minecraft) Saving chunks for level 'ServerLevel[TestWorld]'/minecraft:the_nether
[23:49:58] [Render thread/INFO] (Minecraft) [CHAT] [Debug]: Reloaded resource packs
[23:49:58] [Render thread/INFO] (Minecraft) Reloading ResourceManager: Default, Fabric Mods (Fabric Key Bindings (v0), Fabric Textures (v0), Fabric Screen Handler API (v1), Fabric Networking (v0), Fabric Events Lifecycle (v0), Fabric Game Rule API (v1), Fabric Loader, Fabric Game Test API (v1), Fabric Item Groups (v0), Fabric Item API (v1), Fabric Rendering Data Attachment (v1), Fabric Renderer Registries (v1), Fabric Crash Report Info (v1), Fabric API Base, Fabric Dimensions API (v1), Fabric Loot API (v2), Fabric Networking API (v1), Fabric Commands (v0), Fabric Resource Loader (v0), Fabric Lifecycle Events (v1), Fabric Key Binding API (v1), Fabric BlockRenderLayer Registration (v1), Fabric API, Fabric Screen API (v1), Fabric Renderer API (v1), Geckolib, Fabric Object Builder API (v1), Fabric Command API (v1), Fabric Transfer API (v1), Fabric Mining Level API (v1), Fabric Loot Tables (v1), Fabric Rendering (v1), Fabric Registry Sync (v0), Fabric Particles (v1), Fabric Convention Tags, Fabric API Lookup API (v1), Fabric Biome API (v1), Fabric Models (v0), Fabric Renderer - Indigo, Fabric Transitive Access Wideners (v1), Fabric Rendering Fluids (v1), Fabric Content Registries (v0), Fabric Events Interaction (v0), Fabric Rendering (v0), Fabric Entity Events (v1), Fabric Resource Conditions API (v1), Fabric Data Generation API (v1), Fabric Containers (v0), Maniae)
[23:49:58] [Server thread/INFO] (Minecraft) Saving and pausing game...
[23:49:58] [Server thread/INFO] (Minecraft) Saving chunks for level 'ServerLevel[TestWorld]'/minecraft:overworld
[23:49:58] [Worker-Main-22/INFO] (Minecraft) [STDERR]: java.lang.IndexOutOfBoundsException: Index -1 out of bounds for length 0
[23:49:58] [Worker-Main-22/INFO] (Minecraft) [STDERR]: 	at java.base/jdk.internal.util.Preconditions.outOfBounds(Preconditions.java:64)
[23:49:58] [Worker-Main-22/INFO] (Minecraft) [STDERR]: 	at java.base/jdk.internal.util.Preconditions.outOfBoundsCheckIndex(Preconditions.java:70)
[23:49:58] [Worker-Main-22/INFO] (Minecraft) [STDERR]: 	at java.base/jdk.internal.util.Preconditions.checkIndex(Preconditions.java:266)
[23:49:58] [Worker-Main-22/INFO] (Minecraft) [STDERR]: 	at java.base/java.util.Objects.checkIndex(Objects.java:359)
[23:49:58] [Worker-Main-22/INFO] (Minecraft) [STDERR]: 	at java.base/java.util.ArrayList$SubList.get(ArrayList.java:1149)
[23:49:58] [Worker-Main-22/INFO] (Minecraft) [STDERR]: 	at software.bernie.shadowed.eliotlash.mclib.math.MathBuilder.parseSymbols(MathBuilder.java:306)
[23:49:58] [Worker-Main-22/INFO] (Minecraft) [STDERR]: 	at software.bernie.shadowed.eliotlash.mclib.math.MathBuilder.parseSymbols(MathBuilder.java:282)
[23:49:58] [Worker-Main-22/INFO] (Minecraft) [STDERR]: 	at software.bernie.shadowed.eliotlash.mclib.math.MathBuilder.createFunction(MathBuilder.java:439)
[23:49:58] [Server thread/INFO] (Minecraft) Saving chunks for level 'ServerLevel[TestWorld]'/minecraft:the_end
[23:49:58] [Worker-Main-22/INFO] (Minecraft) [STDERR]: 	at software.bernie.shadowed.eliotlash.mclib.math.MathBuilder.parseSymbols(MathBuilder.java:266)
[23:49:58] [Worker-Main-22/INFO] (Minecraft) [STDERR]: 	at software.bernie.shadowed.eliotlash.mclib.math.MathBuilder.parseSymbols(MathBuilder.java:308)
[23:49:58] [Server thread/INFO] (Minecraft) Saving chunks for level 'ServerLevel[TestWorld]'/minecraft:the_nether
[23:49:58] [Worker-Main-22/INFO] (Minecraft) [STDERR]: 	at software.bernie.shadowed.eliotlash.mclib.math.MathBuilder.parseSymbols(MathBuilder.java:283)
[23:49:58] [Worker-Main-22/INFO] (Minecraft) [STDERR]: 	at software.bernie.geckolib3.core.molang.MolangParser.parseSymbolsMolang(MolangParser.java:228)
[23:49:58] [Worker-Main-22/INFO] (Minecraft) [STDERR]: 	at software.bernie.geckolib3.core.molang.MolangParser.parseOneLine(MolangParser.java:216)
[23:49:58] [Worker-Main-22/INFO] (Minecraft) [STDERR]: 	at software.bernie.geckolib3.core.molang.MolangParser.parseExpression(MolangParser.java:174)
[23:49:58] [Worker-Main-22/INFO] (Minecraft) [STDERR]: 	at software.bernie.geckolib3.core.molang.MolangParser.parseJson(MolangParser.java:154)
[23:49:58] [Worker-Main-22/INFO] (Minecraft) [STDERR]: 	at software.bernie.geckolib3.util.json.JsonKeyFrameUtils.parseExpression(JsonKeyFrameUtils.java:180)
[23:49:58] [Worker-Main-22/INFO] (Minecraft) [STDERR]: 	at software.bernie.geckolib3.util.json.JsonKeyFrameUtils.convertJson(JsonKeyFrameUtils.java:58)
[23:49:58] [Worker-Main-22/INFO] (Minecraft) [STDERR]: 	at software.bernie.geckolib3.util.json.JsonKeyFrameUtils.convertJsonToRotationKeyFrames(JsonKeyFrameUtils.java:174)
[23:49:58] [Worker-Main-22/INFO] (Minecraft) [STDERR]: 	at software.bernie.geckolib3.util.json.JsonAnimationUtils.deserializeJsonToAnimation(JsonAnimationUtils.java:282)
[23:49:58] [Worker-Main-22/INFO] (Minecraft) [STDERR]: 	at software.bernie.geckolib3.file.AnimationFileLoader.loadAllAnimations(AnimationFileLoader.java:32)
[23:49:58] [Worker-Main-22/INFO] (Minecraft) [STDERR]: 	at software.bernie.geckolib3.resource.GeckoLibCache.lambda$reload$0(GeckoLibCache.java:73)
[23:49:58] [Worker-Main-22/INFO] (Minecraft) [STDERR]: 	at software.bernie.geckolib3.resource.GeckoLibCache.lambda$loadResources$5(GeckoLibCache.java:91)
[23:49:58] [Worker-Main-22/INFO] (Minecraft) [STDERR]: 	at java.base/java.util.concurrent.CompletableFuture$AsyncSupply.run(CompletableFuture.java:1768)
[23:49:58] [Worker-Main-22/INFO] (Minecraft) [STDERR]: 	at java.base/java.util.concurrent.CompletableFuture$AsyncSupply.exec(CompletableFuture.java:1760)
[23:49:58] [Worker-Main-22/INFO] (Minecraft) [STDERR]: 	at java.base/java.util.concurrent.ForkJoinTask.doExec(ForkJoinTask.java:373)
[23:49:58] [Worker-Main-22/INFO] (Minecraft) [STDERR]: 	at java.base/java.util.concurrent.ForkJoinPool$WorkQueue.topLevelExec(ForkJoinPool.java:1182)
[23:49:58] [Worker-Main-22/INFO] (Minecraft) [STDERR]: 	at java.base/java.util.concurrent.ForkJoinPool.scan(ForkJoinPool.java:1655)
[23:49:58] [Worker-Main-22/INFO] (Minecraft) [STDERR]: 	at java.base/java.util.concurrent.ForkJoinPool.runWorker(ForkJoinPool.java:1622)
[23:49:58] [Worker-Main-22/INFO] (Minecraft) [STDERR]: 	at java.base/java.util.concurrent.ForkJoinWorkerThread.run(ForkJoinWorkerThread.java:165)
[23:49:58] [Worker-Main-22/INFO] (Minecraft) [STDERR]: java.lang.IndexOutOfBoundsException: Index -1 out of bounds for length 0
[23:49:58] [Worker-Main-22/INFO] (Minecraft) [STDERR]: 	at java.base/jdk.internal.util.Preconditions.outOfBounds(Preconditions.java:64)
[23:49:58] [Worker-Main-22/INFO] (Minecraft) [STDERR]: 	at java.base/jdk.internal.util.Preconditions.outOfBoundsCheckIndex(Preconditions.java:70)
[23:49:58] [Worker-Main-22/INFO] (Minecraft) [STDERR]: 	at java.base/jdk.internal.util.Preconditions.checkIndex(Preconditions.java:266)
[23:49:58] [Worker-Main-22/INFO] (Minecraft) [STDERR]: 	at java.base/java.util.Objects.checkIndex(Objects.java:359)
[23:49:58] [Worker-Main-22/INFO] (Minecraft) [STDERR]: 	at java.base/java.util.ArrayList$SubList.get(ArrayList.java:1149)
[23:49:58] [Worker-Main-22/INFO] (Minecraft) [STDERR]: 	at software.bernie.shadowed.eliotlash.mclib.math.MathBuilder.parseSymbols(MathBuilder.java:306)
[23:49:58] [Worker-Main-22/INFO] (Minecraft) [STDERR]: 	at software.bernie.shadowed.eliotlash.mclib.math.MathBuilder.parseSymbols(MathBuilder.java:282)
[23:49:58] [Worker-Main-22/INFO] (Minecraft) [STDERR]: 	at software.bernie.shadowed.eliotlash.mclib.math.MathBuilder.createFunction(MathBuilder.java:439)
[23:49:58] [Worker-Main-22/INFO] (Minecraft) [STDERR]: 	at software.bernie.shadowed.eliotlash.mclib.math.MathBuilder.parseSymbols(MathBuilder.java:266)
[23:49:58] [Worker-Main-22/INFO] (Minecraft) [STDERR]: 	at software.bernie.shadowed.eliotlash.mclib.math.MathBuilder.parseSymbols(MathBuilder.java:308)
[23:49:58] [Worker-Main-22/INFO] (Minecraft) [STDERR]: 	at software.bernie.shadowed.eliotlash.mclib.math.MathBuilder.parseSymbols(MathBuilder.java:283)
[23:49:58] [Worker-Main-22/INFO] (Minecraft) [STDERR]: 	at software.bernie.geckolib3.core.molang.MolangParser.parseSymbolsMolang(MolangParser.java:228)
[23:49:58] [Worker-Main-22/INFO] (Minecraft) [STDERR]: 	at software.bernie.geckolib3.core.molang.MolangParser.parseOneLine(MolangParser.java:216)
[23:49:58] [Worker-Main-22/INFO] (Minecraft) [STDERR]: 	at software.bernie.geckolib3.core.molang.MolangParser.parseExpression(MolangParser.java:174)
[23:49:58] [Worker-Main-22/INFO] (Minecraft) [STDERR]: 	at software.bernie.geckolib3.core.molang.MolangParser.parseJson(MolangParser.java:154)
[23:49:58] [Worker-Main-22/INFO] (Minecraft) [STDERR]: 	at software.bernie.geckolib3.util.json.JsonKeyFrameUtils.parseExpression(JsonKeyFrameUtils.java:180)
[23:49:58] [Worker-Main-22/INFO] (Minecraft) [STDERR]: 	at software.bernie.geckolib3.util.json.JsonKeyFrameUtils.convertJson(JsonKeyFrameUtils.java:58)
[23:49:58] [Worker-Main-22/INFO] (Minecraft) [STDERR]: 	at software.bernie.geckolib3.util.json.JsonKeyFrameUtils.convertJsonToRotationKeyFrames(JsonKeyFrameUtils.java:174)
[23:49:58] [Worker-Main-22/INFO] (Minecraft) [STDERR]: 	at software.bernie.geckolib3.util.json.JsonAnimationUtils.deserializeJsonToAnimation(JsonAnimationUtils.java:282)
[23:49:58] [Worker-Main-22/INFO] (Minecraft) [STDERR]: 	at software.bernie.geckolib3.file.AnimationFileLoader.loadAllAnimations(AnimationFileLoader.java:32)
[23:49:58] [Worker-Main-22/INFO] (Minecraft) [STDERR]: 	at software.bernie.geckolib3.resource.GeckoLibCache.lambda$reload$0(GeckoLibCache.java:73)
[23:49:58] [Worker-Main-22/INFO] (Minecraft) [STDERR]: 	at software.bernie.geckolib3.resource.GeckoLibCache.lambda$loadResources$5(GeckoLibCache.java:91)
[23:49:58] [Worker-Main-22/INFO] (Minecraft) [STDERR]: 	at java.base/java.util.concurrent.CompletableFuture$AsyncSupply.run(CompletableFuture.java:1768)
[23:49:58] [Worker-Main-22/INFO] (Minecraft) [STDERR]: 	at java.base/java.util.concurrent.CompletableFuture$AsyncSupply.exec(CompletableFuture.java:1760)
[23:49:58] [Worker-Main-22/INFO] (Minecraft) [STDERR]: 	at java.base/java.util.concurrent.ForkJoinTask.doExec(ForkJoinTask.java:373)
[23:49:58] [Worker-Main-22/INFO] (Minecraft) [STDERR]: 	at java.base/java.util.concurrent.ForkJoinPool$WorkQueue.topLevelExec(ForkJoinPool.java:1182)
[23:49:58] [Worker-Main-22/INFO] (Minecraft) [STDERR]: 	at java.base/java.util.concurrent.ForkJoinPool.scan(ForkJoinPool.java:1655)
[23:49:58] [Worker-Main-22/INFO] (Minecraft) [STDERR]: 	at java.base/java.util.concurrent.ForkJoinPool.runWorker(ForkJoinPool.java:1622)
[23:49:58] [Worker-Main-22/INFO] (Minecraft) [STDERR]: 	at java.base/java.util.concurrent.ForkJoinWorkerThread.run(ForkJoinWorkerThread.java:165)
[23:49:58] [Worker-Main-14/WARN] (Minecraft) Unable to load model: 'maniae:example_item#inventory' referenced from: maniae:example_item#inventory: java.io.FileNotFoundException: maniae:models/item/example_item.json
[23:49:58] [Worker-Main-23/ERROR] (Minecraft) Using missing texture, unable to load maniae:textures/item/electroblade/secondarypower.png : java.io.IOException: Could not read info from the PNG file net.minecraft.resource.ResourceImpl@50412d0b Image not of any known type, or corrupt
[23:49:58] [Worker-Main-8/ERROR] (Minecraft) Using missing texture, unable to load maniae:textures/item/electroblade/section.png : java.io.IOException: Could not read info from the PNG file net.minecraft.resource.ResourceImpl@dd11a4e3 Image not of any known type, or corrupt
[23:49:58] [Worker-Main-11/ERROR] (Minecraft) Using missing texture, unable to load maniae:textures/item/electroblade/texture.png : java.io.IOException: Could not read info from the PNG file net.minecraft.resource.ResourceImpl@1afdf019 Image not of any known type, or corrupt
[23:49:58] [Worker-Main-8/ERROR] (Minecraft) Using missing texture, unable to load maniae:textures/item/electroblade/bladetexture.png : java.io.IOException: Could not read info from the PNG file net.minecraft.resource.ResourceImpl@dd8a3d7d Image not of any known type, or corrupt
[23:49:59] [Worker-Main-11/ERROR] (Minecraft) Using missing texture, unable to load maniae:textures/item/electroblade/mainpower.png : java.io.IOException: Could not read info from the PNG file net.minecraft.resource.ResourceImpl@3d9368ea Image not of any known type, or corrupt
[23:49:59] [Worker-Main-24/ERROR] (Minecraft) Using missing texture, unable to load maniae:textures/item/electroblade/arm.png : java.io.IOException: Could not read info from the PNG file net.minecraft.resource.ResourceImpl@20a28dda Image not of any known type, or corrupt
[23:49:59] [Worker-Main-8/ERROR] (Minecraft) Using missing texture, unable to load maniae:textures/item/electroblade/black.png : java.io.IOException: Could not read info from the PNG file net.minecraft.resource.ResourceImpl@8f32497d Image not of any known type, or corrupt
[23:49:59] [Render thread/INFO] (Minecraft) OpenAL initialized on device OpenAL Soft on Speakers (Conexant ISST Audio)
[23:49:59] [Render thread/INFO] (Minecraft) Sound engine started
[23:49:59] [Render thread/INFO] (Minecraft) Created: 1024x1024x4 minecraft:textures/atlas/blocks.png-atlas
[23:49:59] [Render thread/INFO] (Minecraft) Created: 256x128x4 minecraft:textures/atlas/signs.png-atlas
[23:49:59] [Render thread/INFO] (Minecraft) Created: 1024x512x4 minecraft:textures/atlas/banner_patterns.png-atlas
[23:49:59] [Render thread/INFO] (Minecraft) Created: 1024x512x4 minecraft:textures/atlas/shield_patterns.png-atlas
[23:49:59] [Render thread/INFO] (Minecraft) Created: 256x256x4 minecraft:textures/atlas/chest.png-atlas
[23:49:59] [Render thread/INFO] (Minecraft) Created: 512x256x4 minecraft:textures/atlas/beds.png-atlas
[23:49:59] [Render thread/INFO] (Minecraft) Created: 512x256x4 minecraft:textures/atlas/shulker_boxes.png-atlas
[23:50:01] [Render thread/INFO] (Minecraft) Created: 256x256x0 minecraft:textures/atlas/particles.png-atlas
[23:50:01] [Render thread/INFO] (Minecraft) Created: 256x256x0 minecraft:textures/atlas/paintings.png-atlas
[23:50:01] [Render thread/INFO] (Minecraft) Created: 256x128x0 minecraft:textures/atlas/mob_effects.png-atlas
[23:50:07] [Server thread/INFO] (Minecraft) Saving and pausing game...
[23:50:07] [Server thread/INFO] (Minecraft) Saving chunks for level 'ServerLevel[TestWorld]'/minecraft:overworld
[23:50:07] [Server thread/INFO] (Minecraft) Saving chunks for level 'ServerLevel[TestWorld]'/minecraft:the_end
[23:50:07] [Server thread/INFO] (Minecraft) Saving chunks for level 'ServerLevel[TestWorld]'/minecraft:the_nether
[23:50:07] [Server thread/INFO] (Minecraft) Player41 lost connection: Disconnected
[23:50:07] [Server thread/INFO] (Minecraft) Player41 left the game
[23:50:07] [Server thread/INFO] (Minecraft) Stopping singleplayer server as player logged out
[23:50:07] [Server thread/INFO] (Minecraft) Stopping server
[23:50:07] [Server thread/INFO] (Minecraft) Saving players
[23:50:07] [Server thread/INFO] (Minecraft) Saving worlds
[23:50:08] [Server thread/INFO] (Minecraft) Saving chunks for level 'ServerLevel[TestWorld]'/minecraft:overworld
[23:50:09] [Server thread/INFO] (Minecraft) Saving chunks for level 'ServerLevel[TestWorld]'/minecraft:the_end
[23:50:09] [Server thread/INFO] (Minecraft) Saving chunks for level 'ServerLevel[TestWorld]'/minecraft:the_nether
[23:50:09] [Server thread/INFO] (Minecraft) ThreadedAnvilChunkStorage (TestWorld): All chunks are saved
[23:50:09] [Server thread/INFO] (Minecraft) ThreadedAnvilChunkStorage (DIM1): All chunks are saved
[23:50:09] [Server thread/INFO] (Minecraft) ThreadedAnvilChunkStorage (DIM-1): All chunks are saved
[23:50:09] [Server thread/INFO] (Minecraft) ThreadedAnvilChunkStorage: All dimensions are saved
[23:50:10] [Render thread/INFO] (Minecraft) Stopping!
